  Fruit.cpp
c:\users\giuseppe\desktop\c++\snake_definitive\snake_visualstudio\fruit.cpp(9): warning C4244: 'argument': conversion from 'time_t' to 'unsigned int', possible loss of data
  Griglia_snake.cpp
c:\users\giuseppe\desktop\c++\snake_definitive\snake_visualstudio\griglia_snake.cpp(60): warning C4309: 'static_cast': truncation of constant value
c:\users\giuseppe\desktop\c++\snake_definitive\snake_visualstudio\griglia_snake.cpp(62): warning C4309: 'static_cast': truncation of constant value
  main.cpp
  Matrix.cpp
  Matrix_alloc.cpp
  Menu_difficolta.cpp
c:\users\giuseppe\desktop\c++\snake_definitive\snake_visualstudio\menu_difficolta.cpp(13): warning C4244: 'argument': conversion from 'time_t' to 'unsigned int', possible loss of data
  Menu_pausa.cpp
  Menu_principale.cpp
c:\users\giuseppe\desktop\c++\snake_definitive\snake_visualstudio\menu_principale.cpp(12): warning C4244: 'argument': conversion from 'time_t' to 'unsigned int', possible loss of data
  Serpente.cpp
  Snake_game.cpp
c:\users\giuseppe\desktop\c++\snake_definitive\snake_visualstudio\snake_game.cpp(175): warning C4309: 'static_cast': truncation of constant value
c:\users\giuseppe\desktop\c++\snake_definitive\snake_visualstudio\snake_game.cpp(266): warning C4309: 'static_cast': truncation of constant value
c:\users\giuseppe\desktop\c++\snake_definitive\snake_visualstudio\snake_game.cpp(302): warning C4838: conversion from 'int' to 'SHORT' requires a narrowing conversion
  Generating Code...
  Snake_visualStudio.vcxproj -> C:\Users\giuseppe\Desktop\c++\Snake_definitive\x64\Debug\Snake_visualStudio.exe
